<?xml version="1.0" encoding="UTF-8"?>
<testsuite name="com.amaap.pokergame.domain.model.HandEvaluatorTest" tests="1" skipped="0" failures="0" errors="0" timestamp="2024-03-31T14:30:50" hostname="RAHULSLAPPY" time="0.119">
  <properties/>
  <testcase name="shouldIdentifyHighCard()" classname="com.amaap.pokergame.domain.model.HandEvaluatorTest" time="0.119"/>
  <system-out><![CDATA[]]></system-out>
  <system-err><![CDATA[]]></system-err>
</testsuite>
