<?xml version="1.0" encoding="UTF-8"?>
<testsuite name="com.amaap.pokergame.domain.ranking.FullHouseTest" tests="4" skipped="0" failures="0" errors="0" timestamp="2024-03-29T10:59:50" hostname="RAHULSLAPPY" time="0.009">
  <properties/>
  <testcase name="shouldNotBeAbleToIdentifyFlushCardIfItIsNot()" classname="com.amaap.pokergame.domain.ranking.FullHouseTest" time="0.001"/>
  <testcase name="shouldBeAbleToIdentifyFullOfCardRank()" classname="com.amaap.pokergame.domain.ranking.FullHouseTest" time="0.001"/>
  <testcase name="shouldBeAbleToIdentifyFullHouseIfPresentAtAnyOrder()" classname="com.amaap.pokergame.domain.ranking.FullHouseTest" time="0.001"/>
  <testcase name="shouldBeAbleToRecognizeCardRankingIfActualInputIsGiven()" classname="com.amaap.pokergame.domain.ranking.FullHouseTest" time="0.002"/>
  <system-out><![CDATA[]]></system-out>
  <system-err><![CDATA[]]></system-err>
</testsuite>
