<?xml version="1.0" encoding="UTF-8"?>
<testsuite name="PokerManagerTest" tests="6" skipped="0" failures="0" errors="0" timestamp="2024-03-29T10:59:50" hostname="RAHULSLAPPY" time="0.132">
  <properties/>
  <testcase name="shouldAbleToThrowExceptionIfZeroNumberOrLessThanOneIsExpectedByPlayer()" classname="PokerManagerTest" time="0.075"/>
  <testcase name="shouldAbleToThrowExceptionIfNoDeckISAvailableToAllocate()" classname="PokerManagerTest" time="0.002"/>
  <testcase name="shouldAbleToAssignDeckOfCardToThePlayersToPlayGame()" classname="PokerManagerTest" time="0.006"/>
  <testcase name="shouldAbleToThrowExceptionIfMoreThanOneDeckIsAskedByPlayer()" classname="PokerManagerTest" time="0.002"/>
  <testcase name="shouldAbleToStartTheGameForThePlayer()" classname="PokerManagerTest" time="0.024"/>
  <testcase name="shouldBeAbleToGetTheHandRankWhenCardIsGivenAndGameStarts()" classname="PokerManagerTest" time="0.018"/>
  <system-out><![CDATA[]]></system-out>
  <system-err><![CDATA[]]></system-err>
</testsuite>
