<?xml version="1.0" encoding="UTF-8"?>
<testsuite name="com.amaap.pokergame.domain.model.HandEvaluatorTest" tests="10" skipped="0" failures="0" errors="0" timestamp="2024-03-31T18:37:06" hostname="RAHULSLAPPY" time="0.114">
  <properties/>
  <testcase name="shouldBeAbleToIdentifyFullHouse()" classname="com.amaap.pokergame.domain.model.HandEvaluatorTest" time="0.034"/>
  <testcase name="shouldBeAbleToIdentifyStraightFlush()" classname="com.amaap.pokergame.domain.model.HandEvaluatorTest" time="0.005"/>
  <testcase name="shouldIdentifyRoyalFlush()" classname="com.amaap.pokergame.domain.model.HandEvaluatorTest" time="0.004"/>
  <testcase name="shouldBeAbleToIdentifyFlush()" classname="com.amaap.pokergame.domain.model.HandEvaluatorTest" time="0.006"/>
  <testcase name="shouldIdentifyHighCard()" classname="com.amaap.pokergame.domain.model.HandEvaluatorTest" time="0.029"/>
  <testcase name="shouldBeAbleToIdentifyStraight()" classname="com.amaap.pokergame.domain.model.HandEvaluatorTest" time="0.003"/>
  <testcase name="shouldBeAbleToIdentifyPair()" classname="com.amaap.pokergame.domain.model.HandEvaluatorTest" time="0.002"/>
  <testcase name="shouldBeAbleToIdentifyFourOfAKind()" classname="com.amaap.pokergame.domain.model.HandEvaluatorTest" time="0.002"/>
  <testcase name="shouldBeAbleToIdentifyTwoPair()" classname="com.amaap.pokergame.domain.model.HandEvaluatorTest" time="0.003"/>
  <testcase name="shouldBeAbleToIdentifyThreeOfAKind()" classname="com.amaap.pokergame.domain.model.HandEvaluatorTest" time="0.001"/>
  <system-out><![CDATA[]]></system-out>
  <system-err><![CDATA[]]></system-err>
</testsuite>
